2023-04-27 20:21:31 Thread: [main] INFO [BaseTest] Before test started
2023-04-27 20:28:02 Thread: [main] INFO [BaseTest] Before test started
2023-04-27 20:28:36 Thread: [main] INFO [BaseTest] Before test ended
2023-04-27 20:28:36 Thread: [main] INFO [BaseTest] beforeMethod deleting cookies
2023-04-27 20:28:36 Thread: [main] INFO [BaseTest] Opening https://litecart.stqa.ru/en/
2023-04-27 20:28:42 Thread: [main] INFO [LoginAndCartTest] TestCorrectLogin started
2023-04-27 20:28:42 Thread: [main] INFO [pageOblects.MainPage] start filling viktar.kudasau@gmail.com
2023-04-27 20:28:44 Thread: [main] INFO [pageOblects.MainPage] start filling 123456789
2023-04-27 20:28:45 Thread: [main] INFO [pageOblects.MainPage] start clicking button By.xpath: //button[@value='Login']
2023-04-27 20:28:46 Thread: [main] INFO [pageOblects.MainPage] method 'fillCorrectLoginAndSend' ended
2023-04-27 20:28:46 Thread: [main] INFO [pageOblects.MainPage] start getting success message: You are now logged in as Viktar Kudasau.
2023-04-27 20:28:46 Thread: [main] INFO [pageOblects.MainPage] start getting success message: You are now logged in as Viktar Kudasau.
2023-04-27 20:28:47 Thread: [main] INFO [org.example.Listener] Start screenshot
2023-04-27 20:28:47 Thread: [main] INFO [org.example.Listener] End screenshot
2023-04-27 20:28:47 Thread: [main] INFO [org.example.Listener] Test failed
2023-04-27 20:28:48 Thread: [main] INFO [BaseTest] beforeMethod deleting cookies
2023-04-27 20:28:52 Thread: [main] INFO [BaseTest] Opening https://litecart.stqa.ru/en/
2023-04-27 20:28:53 Thread: [main] INFO [LoginAndCartTest] TestIncorrectLogin started
2023-04-27 20:28:53 Thread: [main] INFO [pageOblects.MainPage] start filling with xwq2@de.com
2023-04-27 20:28:53 Thread: [main] INFO [pageOblects.MainPage] start filling with 123
2023-04-27 20:28:53 Thread: [main] INFO [pageOblects.MainPage] start clicking button By.xpath: //button[@value='Login']
2023-04-27 20:28:56 Thread: [main] INFO [pageOblects.MainPage] method 'fillIncorrectLoginAndSend' ended
2023-04-27 20:28:56 Thread: [main] INFO [pageOblects.MainPage] start getting error message: Wrong password or the account is disabled, or does not exist
2023-04-27 20:28:56 Thread: [main] INFO [pageOblects.MainPage] start getting error message: Wrong password or the account is disabled, or does not exist
2023-04-27 20:28:57 Thread: [main] INFO [BaseTest] Tests ended
2023-04-27 20:50:21 Thread: [main] INFO [BaseTest] Before test started
2023-04-27 20:51:06 Thread: [main] INFO [BaseTest] Before test ended
2023-04-27 20:51:06 Thread: [main] INFO [BaseTest] beforeMethod deleting cookies
2023-04-27 20:51:06 Thread: [main] INFO [BaseTest] Opening https://www.saucedemo.com/
2023-04-27 20:51:10 Thread: [main] INFO [LoginAndCartTest] TestIncorrectLogin started
2023-04-27 20:51:10 Thread: [main] INFO [pageOblects.MainPage] start filling with fdhdhdhshfjdj
2023-04-27 20:51:11 Thread: [main] INFO [pageOblects.MainPage] start filling with 123
2023-04-27 20:51:11 Thread: [main] INFO [pageOblects.MainPage] start clicking button By.xpath: //input[@data-test='login-button']
2023-04-27 20:51:12 Thread: [main] INFO [pageOblects.MainPage] method 'fillIncorrectLoginAndSend' ended
2023-04-27 20:51:12 Thread: [main] INFO [BaseTest] Tests ended
2023-04-27 20:52:37 Thread: [main] INFO [BaseTest] Before test started
2023-04-27 20:52:57 Thread: [main] INFO [BaseTest] Before test ended
2023-04-27 20:52:57 Thread: [main] INFO [BaseTest] beforeMethod deleting cookies
2023-04-27 20:52:57 Thread: [main] INFO [BaseTest] Opening https://www.saucedemo.com/
2023-04-27 20:53:01 Thread: [main] INFO [LoginAndCartTest] TestIncorrectLogin started
2023-04-27 20:53:01 Thread: [main] INFO [pageOblects.MainPage] start filling with fdhdhdhshfjdj
2023-04-27 20:53:02 Thread: [main] INFO [pageOblects.MainPage] start filling with 123
2023-04-27 20:53:03 Thread: [main] INFO [pageOblects.MainPage] start clicking button By.xpath: //input[@data-test='login-button']
2023-04-27 20:53:03 Thread: [main] INFO [pageOblects.MainPage] method 'fillIncorrectLoginAndSend' ended
2023-04-27 20:54:06 Thread: [main] INFO [BaseTest] Before test started
2023-04-27 20:54:21 Thread: [main] INFO [BaseTest] Before test ended
2023-04-27 20:54:21 Thread: [main] INFO [BaseTest] beforeMethod deleting cookies
2023-04-27 20:54:23 Thread: [main] INFO [BaseTest] Opening https://www.saucedemo.com/
2023-04-27 20:54:24 Thread: [main] INFO [LoginAndCartTest] TestCorrectLogin started
2023-04-27 20:54:24 Thread: [main] INFO [pageOblects.MainPage] start filling standard_user
2023-04-27 20:54:25 Thread: [main] INFO [pageOblects.MainPage] start filling secret_sauce
2023-04-27 20:54:26 Thread: [main] INFO [pageOblects.MainPage] start clicking button By.xpath: //input[@data-test='login-button']
2023-04-27 20:54:26 Thread: [main] INFO [pageOblects.MainPage] method 'fillCorrectLoginAndSend' ended
2023-04-27 20:56:11 Thread: [main] INFO [BaseTest] Before test started
2023-04-27 20:56:36 Thread: [main] INFO [BaseTest] Before test ended
2023-04-27 20:56:36 Thread: [main] INFO [BaseTest] beforeMethod deleting cookies
2023-04-27 20:56:36 Thread: [main] INFO [BaseTest] Opening https://www.saucedemo.com/
2023-04-27 20:56:39 Thread: [main] INFO [LoginAndCartTest] TestCorrectLogin started
2023-04-27 20:56:39 Thread: [main] INFO [pageOblects.MainPage] start filling standard_user
2023-04-27 20:56:40 Thread: [main] INFO [pageOblects.MainPage] start filling secret_sauce
2023-04-27 20:56:40 Thread: [main] INFO [pageOblects.MainPage] start clicking button By.xpath: //input[@data-test='login-button']
2023-04-27 20:56:40 Thread: [main] INFO [pageOblects.MainPage] method 'fillCorrectLoginAndSend' ended
2023-04-27 20:56:41 Thread: [main] INFO [pageOblects.MainPage] start getting success message: Swag Labs
2023-04-27 20:56:41 Thread: [main] INFO [pageOblects.MainPage] start getting success message: Swag Labs
2023-04-27 20:58:42 Thread: [main] INFO [BaseTest] Before test started
2023-04-27 20:59:20 Thread: [main] INFO [BaseTest] Before test started
2023-04-27 20:59:39 Thread: [main] INFO [BaseTest] Before test ended
2023-04-27 20:59:39 Thread: [main] INFO [BaseTest] beforeMethod deleting cookies
2023-04-27 20:59:39 Thread: [main] INFO [BaseTest] Opening https://www.saucedemo.com/
2023-04-27 20:59:41 Thread: [main] INFO [LoginAndCartTest] TestIncorrectLogin started
2023-04-27 20:59:41 Thread: [main] INFO [pageOblects.MainPage] start filling with locked_out_user
2023-04-27 20:59:42 Thread: [main] INFO [pageOblects.MainPage] start filling with 123
2023-04-27 20:59:42 Thread: [main] INFO [pageOblects.MainPage] start clicking button By.xpath: //input[@data-test='login-button']
2023-04-27 20:59:43 Thread: [main] INFO [pageOblects.MainPage] method 'fillIncorrectLoginAndSend' ended
2023-04-27 20:59:43 Thread: [main] INFO [org.example.Listener] Start screenshot
2023-04-27 20:59:43 Thread: [main] INFO [org.example.Listener] End screenshot
2023-04-27 20:59:43 Thread: [main] INFO [org.example.Listener] Test failed
2023-04-27 21:02:46 Thread: [main] INFO [BaseTest] Before test started
2023-04-27 21:03:32 Thread: [main] INFO [BaseTest] Before test ended
2023-04-27 21:03:32 Thread: [main] INFO [BaseTest] beforeMethod deleting cookies
2023-04-27 21:03:33 Thread: [main] INFO [BaseTest] Opening https://www.saucedemo.com/
2023-04-27 21:03:37 Thread: [main] INFO [LoginAndCartTest] TestCorrectLogin started
2023-04-27 21:03:37 Thread: [main] INFO [pageOblects.MainPage] start filling standard_user
2023-04-27 21:03:41 Thread: [main] INFO [pageOblects.MainPage] start filling secret_sauce
2023-04-27 21:03:41 Thread: [main] INFO [pageOblects.MainPage] start clicking button By.xpath: //input[@data-test='login-button']
2023-04-27 21:03:43 Thread: [main] INFO [pageOblects.MainPage] method 'fillCorrectLoginAndSend' ended
2023-04-27 21:03:43 Thread: [main] INFO [pageOblects.MainPage] start getting success message: Swag Labs
2023-04-27 21:03:43 Thread: [main] INFO [pageOblects.MainPage] start getting success message: Swag Labs
2023-04-27 21:03:43 Thread: [main] INFO [BaseTest] beforeMethod deleting cookies
2023-04-27 21:03:43 Thread: [main] INFO [BaseTest] Opening https://www.saucedemo.com/
2023-04-27 21:03:44 Thread: [main] INFO [LoginAndCartTest] TestIncorrectLogin started
2023-04-27 21:03:44 Thread: [main] INFO [pageOblects.MainPage] start filling with locked_out_user
2023-04-27 21:03:44 Thread: [main] INFO [pageOblects.MainPage] start filling with 123
2023-04-27 21:03:44 Thread: [main] INFO [pageOblects.MainPage] start clicking button By.xpath: //input[@data-test='login-button']
2023-04-27 21:03:44 Thread: [main] INFO [pageOblects.MainPage] method 'fillIncorrectLoginAndSend' ended
2023-04-27 21:03:45 Thread: [main] INFO [org.example.Listener] Start screenshot
2023-04-27 21:03:45 Thread: [main] INFO [org.example.Listener] End screenshot
2023-04-27 21:03:45 Thread: [main] INFO [org.example.Listener] Test failed
2023-04-27 21:14:27 Thread: [main] INFO [BaseTest] Before test started
2023-04-27 21:14:55 Thread: [main] INFO [BaseTest] Before test ended
2023-04-27 21:14:55 Thread: [main] INFO [BaseTest] beforeMethod deleting cookies
2023-04-27 21:14:55 Thread: [main] INFO [BaseTest] Opening https://www.saucedemo.com/
2023-04-27 21:14:58 Thread: [main] INFO [LoginAndCartTest] TestBasket started
2023-04-27 21:14:58 Thread: [main] INFO [pageOblects.MainPage] start filling standard_user
2023-04-27 21:14:59 Thread: [main] INFO [pageOblects.MainPage] start filling secret_sauce
2023-04-27 21:14:59 Thread: [main] INFO [pageOblects.MainPage] start clicking button By.xpath: //input[@data-test='login-button']
2023-04-27 21:14:59 Thread: [main] INFO [pageOblects.MainPage] method 'fillCorrectLoginAndSend' ended
2023-04-27 21:14:59 Thread: [main] INFO [pageOblects.MainPage] Start clicking By.xpath: //button[@data-test="add-to-cart-sauce-labs-backpack"]
2023-04-27 21:25:45 Thread: [main] INFO [BaseTest] Before test started
2023-04-27 21:26:26 Thread: [main] INFO [BaseTest] Before test ended
2023-04-27 21:26:26 Thread: [main] INFO [BaseTest] beforeMethod deleting cookies
2023-04-27 21:26:26 Thread: [main] INFO [BaseTest] Opening https://www.saucedemo.com/
2023-04-27 21:26:29 Thread: [main] INFO [LoginAndCartTest] TestBasket started
2023-04-27 21:26:29 Thread: [main] INFO [pageOblects.MainPage] start filling standard_user
2023-04-27 21:26:30 Thread: [main] INFO [pageOblects.MainPage] start filling secret_sauce
2023-04-27 21:26:30 Thread: [main] INFO [pageOblects.MainPage] start clicking button By.xpath: //input[@data-test='login-button']
2023-04-27 21:26:30 Thread: [main] INFO [pageOblects.MainPage] method 'fillCorrectLoginAndSend' ended
2023-04-27 21:26:30 Thread: [main] INFO [pageOblects.MainPage] Start clicking By.xpath: //button[@data-test="add-to-cart-sauce-labs-backpack"]
2023-04-27 21:26:31 Thread: [main] INFO [pageOblects.MainPage] start getting goods: 1
2023-04-27 21:30:16 Thread: [main] INFO [BaseTest] Before test started
2023-04-27 21:30:40 Thread: [main] INFO [BaseTest] Before test ended
2023-04-27 21:30:40 Thread: [main] INFO [BaseTest] beforeMethod deleting cookies
2023-04-27 21:30:40 Thread: [main] INFO [BaseTest] Opening https://www.saucedemo.com/
2023-04-27 21:30:43 Thread: [main] INFO [LoginAndCartTest] TestCorrectLogin started
2023-04-27 21:30:43 Thread: [main] INFO [pageOblects.MainPage] start filling standard_user
2023-04-27 21:30:44 Thread: [main] INFO [pageOblects.MainPage] start filling secret_sauce
2023-04-27 21:30:44 Thread: [main] INFO [pageOblects.MainPage] start clicking button By.xpath: //input[@data-test='login-button']
2023-04-27 21:30:44 Thread: [main] INFO [pageOblects.MainPage] method 'fillCorrectLoginAndSend' ended
2023-04-27 21:30:45 Thread: [main] INFO [pageOblects.MainPage] start getting success message: Swag Labs
2023-04-27 21:30:45 Thread: [main] INFO [pageOblects.MainPage] start getting success message: Swag Labs
2023-04-27 21:30:45 Thread: [main] INFO [BaseTest] beforeMethod deleting cookies
2023-04-27 21:30:47 Thread: [main] INFO [BaseTest] Opening https://www.saucedemo.com/
2023-04-27 21:30:48 Thread: [main] INFO [LoginAndCartTest] TestBasket started
2023-04-27 21:30:48 Thread: [main] INFO [pageOblects.MainPage] start filling standard_user
2023-04-27 21:30:48 Thread: [main] INFO [pageOblects.MainPage] start filling secret_sauce
2023-04-27 21:30:49 Thread: [main] INFO [pageOblects.MainPage] start clicking button By.xpath: //input[@data-test='login-button']
2023-04-27 21:30:49 Thread: [main] INFO [pageOblects.MainPage] method 'fillCorrectLoginAndSend' ended
2023-04-27 21:30:49 Thread: [main] INFO [pageOblects.MainPage] Start clicking By.xpath: //button[@data-test="add-to-cart-sauce-labs-backpack"]
2023-04-27 21:30:49 Thread: [main] INFO [pageOblects.MainPage] start getting goods: 1
2023-04-27 21:30:49 Thread: [main] INFO [BaseTest] beforeMethod deleting cookies
2023-04-27 21:30:49 Thread: [main] INFO [BaseTest] Opening https://www.saucedemo.com/
2023-04-27 21:30:50 Thread: [main] INFO [LoginAndCartTest] TestIncorrectLogin started
2023-04-27 21:30:50 Thread: [main] INFO [pageOblects.MainPage] start filling with locked_out_user
2023-04-27 21:30:50 Thread: [main] INFO [pageOblects.MainPage] start filling with 123
2023-04-27 21:30:50 Thread: [main] INFO [pageOblects.MainPage] start clicking button By.xpath: //input[@data-test='login-button']
2023-04-27 21:30:51 Thread: [main] INFO [pageOblects.MainPage] method 'fillIncorrectLoginAndSend' ended
2023-04-27 21:30:51 Thread: [main] INFO [org.example.Listener] Start screenshot
2023-04-27 21:30:51 Thread: [main] INFO [org.example.Listener] End screenshot
2023-04-27 21:30:51 Thread: [main] INFO [org.example.Listener] Test failed
